<?xml version="1.0" encoding="UTF-8"?>
<testng-results ignored="0" total="30" passed="25" failed="5" skipped="0">
  <reporter-output>
  </reporter-output>
  <suite started-at="2024-08-01T20:23:38Z" name="Suite" finished-at="2024-08-01T20:34:56Z" duration-ms="678127">
    <groups>
    </groups>
    <test started-at="2024-08-01T20:23:38Z" name="Test" finished-at="2024-08-01T20:34:56Z" duration-ms="678127">
      <class name="Delete">
        <test-method is-config="true" signature="setup()[pri:0, instance:Delete@2118cddf]" started-at="2024-08-01T20:23:38Z" name="setup" finished-at="2024-08-01T20:23:57Z" duration-ms="19317" status="PASS">
          <reporter-output>
          </reporter-output>
        </test-method> <!-- setup -->
        <test-method signature="runTestscript1()[pri:0, instance:Delete@2118cddf]" started-at="2024-08-01T20:23:57Z" name="runTestscript1" description="Verify that display Confirm pop-up when user click trash icon at column Action of record " finished-at="2024-08-01T20:24:03Z" duration-ms="5771" status="PASS">
          <reporter-output>
          </reporter-output>
        </test-method> <!-- runTestscript1 -->
        <test-method is-config="true" signature="cleanup()[pri:0, instance:Delete@2118cddf]" started-at="2024-08-01T20:24:03Z" name="cleanup" finished-at="2024-08-01T20:24:07Z" duration-ms="4545" status="PASS">
          <reporter-output>
          </reporter-output>
        </test-method> <!-- cleanup -->
        <test-method is-config="true" signature="setup()[pri:0, instance:Delete@2118cddf]" started-at="2024-08-01T20:24:07Z" name="setup" finished-at="2024-08-01T20:24:23Z" duration-ms="15949" status="PASS">
          <reporter-output>
          </reporter-output>
        </test-method> <!-- setup -->
        <test-method signature="runTestscript2()[pri:0, instance:Delete@2118cddf]" started-at="2024-08-01T20:24:23Z" name="runTestscript2" description="Verify that the logo is displayed correctly" finished-at="2024-08-01T20:24:25Z" duration-ms="2132" status="FAIL">
          <exception class="java.lang.AssertionError">
            <message>
              <![CDATA[Logo is not displayed expected [true] but found [false]]]>
            </message>
            <full-stacktrace>
              <![CDATA[java.lang.AssertionError: Logo is not displayed expected [true] but found [false]
at org.testng.Assert.fail(Assert.java:96)
at org.testng.Assert.failNotEquals(Assert.java:776)
at org.testng.Assert.assertTrue(Assert.java:44)
at Delete.runTestscript2(Delete.java:109)
at java.base/jdk.internal.reflect.NativeMethodAccessorImpl.invoke0(Native Method)
at java.base/jdk.internal.reflect.NativeMethodAccessorImpl.invoke(NativeMethodAccessorImpl.java:62)
at java.base/jdk.internal.reflect.DelegatingMethodAccessorImpl.invoke(DelegatingMethodAccessorImpl.java:43)
at java.base/java.lang.reflect.Method.invoke(Method.java:566)
at org.testng.internal.MethodInvocationHelper.invokeMethod(MethodInvocationHelper.java:124)
at org.testng.internal.Invoker.invokeMethod(Invoker.java:583)
at org.testng.internal.Invoker.invokeTestMethod(Invoker.java:719)
at org.testng.internal.Invoker.invokeTestMethods(Invoker.java:989)
at org.testng.internal.TestMethodWorker.invokeTestMethods(TestMethodWorker.java:125)
at org.testng.internal.TestMethodWorker.run(TestMethodWorker.java:109)
at org.testng.TestRunner.privateRun(TestRunner.java:648)
at org.testng.TestRunner.run(TestRunner.java:505)
at org.testng.SuiteRunner.runTest(SuiteRunner.java:455)
at org.testng.SuiteRunner.runSequentially(SuiteRunner.java:450)
at org.testng.SuiteRunner.privateRun(SuiteRunner.java:415)
at org.testng.SuiteRunner.run(SuiteRunner.java:364)
at org.testng.SuiteRunnerWorker.runSuite(SuiteRunnerWorker.java:52)
at org.testng.SuiteRunnerWorker.run(SuiteRunnerWorker.java:84)
at org.testng.TestNG.runSuitesSequentially(TestNG.java:1208)
at org.testng.TestNG.runSuitesLocally(TestNG.java:1137)
at org.testng.TestNG.runSuites(TestNG.java:1049)
at org.testng.TestNG.run(TestNG.java:1017)
at org.apache.maven.surefire.testng.TestNGExecutor.run(TestNGExecutor.java:283)
at org.apache.maven.surefire.testng.TestNGXmlTestSuite.execute(TestNGXmlTestSuite.java:75)
at org.apache.maven.surefire.testng.TestNGProvider.invoke(TestNGProvider.java:120)
at org.apache.maven.surefire.booter.ForkedBooter.invokeProviderInSameClassLoader(ForkedBooter.java:384)
at org.apache.maven.surefire.booter.ForkedBooter.runSuitesInProcess(ForkedBooter.java:345)
at org.apache.maven.surefire.booter.ForkedBooter.execute(ForkedBooter.java:126)
at org.apache.maven.surefire.booter.ForkedBooter.main(ForkedBooter.java:418)
]]>
            </full-stacktrace>
          </exception> <!-- java.lang.AssertionError -->
          <reporter-output>
          </reporter-output>
        </test-method> <!-- runTestscript2 -->
        <test-method is-config="true" signature="cleanup()[pri:0, instance:Delete@2118cddf]" started-at="2024-08-01T20:24:25Z" name="cleanup" finished-at="2024-08-01T20:24:27Z" duration-ms="1246" status="PASS">
          <reporter-output>
          </reporter-output>
        </test-method> <!-- cleanup -->
        <test-method is-config="true" signature="setup()[pri:0, instance:Delete@2118cddf]" started-at="2024-08-01T20:24:27Z" name="setup" finished-at="2024-08-01T20:24:42Z" duration-ms="15481" status="PASS">
          <reporter-output>
          </reporter-output>
        </test-method> <!-- setup -->
        <test-method signature="runTestscript3()[pri:0, instance:Delete@2118cddf]" started-at="2024-08-01T20:24:42Z" name="runTestscript3" description="Verify that the title is displayed correctly" finished-at="2024-08-01T20:24:44Z" duration-ms="2302" status="PASS">
          <reporter-output>
          </reporter-output>
        </test-method> <!-- runTestscript3 -->
        <test-method is-config="true" signature="cleanup()[pri:0, instance:Delete@2118cddf]" started-at="2024-08-01T20:24:44Z" name="cleanup" finished-at="2024-08-01T20:24:45Z" duration-ms="909" status="PASS">
          <reporter-output>
          </reporter-output>
        </test-method> <!-- cleanup -->
        <test-method is-config="true" signature="setup()[pri:0, instance:Delete@2118cddf]" started-at="2024-08-01T20:24:45Z" name="setup" finished-at="2024-08-01T20:25:01Z" duration-ms="16146" status="PASS">
          <reporter-output>
          </reporter-output>
        </test-method> <!-- setup -->
        <test-method signature="runTestscript4()[pri:0, instance:Delete@2118cddf]" started-at="2024-08-01T20:25:01Z" name="runTestscript4" description="Verify that the button Cancel is displayed correctly" finished-at="2024-08-01T20:25:03Z" duration-ms="2008" status="PASS">
          <reporter-output>
          </reporter-output>
        </test-method> <!-- runTestscript4 -->
        <test-method is-config="true" signature="cleanup()[pri:0, instance:Delete@2118cddf]" started-at="2024-08-01T20:25:03Z" name="cleanup" finished-at="2024-08-01T20:25:04Z" duration-ms="942" status="PASS">
          <reporter-output>
          </reporter-output>
        </test-method> <!-- cleanup -->
        <test-method is-config="true" signature="setup()[pri:0, instance:Delete@2118cddf]" started-at="2024-08-01T20:25:04Z" name="setup" finished-at="2024-08-01T20:25:17Z" duration-ms="12955" status="PASS">
          <reporter-output>
          </reporter-output>
        </test-method> <!-- setup -->
        <test-method signature="runTestscript5()[pri:0, instance:Delete@2118cddf]" started-at="2024-08-01T20:25:17Z" name="runTestscript5" description="Verify that the button Delete is displayed correctly" finished-at="2024-08-01T20:25:19Z" duration-ms="2055" status="PASS">
          <reporter-output>
          </reporter-output>
        </test-method> <!-- runTestscript5 -->
        <test-method is-config="true" signature="cleanup()[pri:0, instance:Delete@2118cddf]" started-at="2024-08-01T20:25:19Z" name="cleanup" finished-at="2024-08-01T20:25:20Z" duration-ms="1040" status="PASS">
          <reporter-output>
          </reporter-output>
        </test-method> <!-- cleanup -->
        <test-method is-config="true" signature="setup()[pri:0, instance:Delete@2118cddf]" started-at="2024-08-01T20:25:20Z" name="setup" finished-at="2024-08-01T20:25:38Z" duration-ms="17950" status="PASS">
          <reporter-output>
          </reporter-output>
        </test-method> <!-- setup -->
        <test-method signature="runTestscript6()[pri:0, instance:Delete@2118cddf]" started-at="2024-08-01T20:25:38Z" name="runTestscript6" description="Verify that an employee don&#039;t delete when user click Cancel button" finished-at="2024-08-01T20:25:57Z" duration-ms="18170" status="PASS">
          <reporter-output>
          </reporter-output>
        </test-method> <!-- runTestscript6 -->
        <test-method is-config="true" signature="cleanup()[pri:0, instance:Delete@2118cddf]" started-at="2024-08-01T20:25:57Z" name="cleanup" finished-at="2024-08-01T20:25:58Z" duration-ms="1072" status="PASS">
          <reporter-output>
          </reporter-output>
        </test-method> <!-- cleanup -->
        <test-method is-config="true" signature="setup()[pri:0, instance:Delete@2118cddf]" started-at="2024-08-01T20:25:58Z" name="setup" finished-at="2024-08-01T20:26:11Z" duration-ms="12916" status="PASS">
          <reporter-output>
          </reporter-output>
        </test-method> <!-- setup -->
        <test-method signature="runTestscript7()[pri:0, instance:Delete@2118cddf]" started-at="2024-08-01T20:26:11Z" name="runTestscript7" description="Verify that an employee is deleted when user click Delete button" finished-at="2024-08-01T20:26:18Z" duration-ms="7080" status="FAIL">
          <exception class="java.lang.AssertionError">
            <message>
              <![CDATA[Confirm pop-up is still displayed expected [false] but found [true]]]>
            </message>
            <full-stacktrace>
              <![CDATA[java.lang.AssertionError: Confirm pop-up is still displayed expected [false] but found [true]
at org.testng.Assert.fail(Assert.java:96)
at org.testng.Assert.failNotEquals(Assert.java:776)
at org.testng.Assert.assertFalse(Assert.java:65)
at Delete.runTestscript7(Delete.java:293)
at java.base/jdk.internal.reflect.NativeMethodAccessorImpl.invoke0(Native Method)
at java.base/jdk.internal.reflect.NativeMethodAccessorImpl.invoke(NativeMethodAccessorImpl.java:62)
at java.base/jdk.internal.reflect.DelegatingMethodAccessorImpl.invoke(DelegatingMethodAccessorImpl.java:43)
at java.base/java.lang.reflect.Method.invoke(Method.java:566)
at org.testng.internal.MethodInvocationHelper.invokeMethod(MethodInvocationHelper.java:124)
at org.testng.internal.Invoker.invokeMethod(Invoker.java:583)
at org.testng.internal.Invoker.invokeTestMethod(Invoker.java:719)
at org.testng.internal.Invoker.invokeTestMethods(Invoker.java:989)
at org.testng.internal.TestMethodWorker.invokeTestMethods(TestMethodWorker.java:125)
at org.testng.internal.TestMethodWorker.run(TestMethodWorker.java:109)
at org.testng.TestRunner.privateRun(TestRunner.java:648)
at org.testng.TestRunner.run(TestRunner.java:505)
at org.testng.SuiteRunner.runTest(SuiteRunner.java:455)
at org.testng.SuiteRunner.runSequentially(SuiteRunner.java:450)
at org.testng.SuiteRunner.privateRun(SuiteRunner.java:415)
at org.testng.SuiteRunner.run(SuiteRunner.java:364)
at org.testng.SuiteRunnerWorker.runSuite(SuiteRunnerWorker.java:52)
at org.testng.SuiteRunnerWorker.run(SuiteRunnerWorker.java:84)
at org.testng.TestNG.runSuitesSequentially(TestNG.java:1208)
at org.testng.TestNG.runSuitesLocally(TestNG.java:1137)
at org.testng.TestNG.runSuites(TestNG.java:1049)
at org.testng.TestNG.run(TestNG.java:1017)
at org.apache.maven.surefire.testng.TestNGExecutor.run(TestNGExecutor.java:283)
at org.apache.maven.surefire.testng.TestNGXmlTestSuite.execute(TestNGXmlTestSuite.java:75)
at org.apache.maven.surefire.testng.TestNGProvider.invoke(TestNGProvider.java:120)
at org.apache.maven.surefire.booter.ForkedBooter.invokeProviderInSameClassLoader(ForkedBooter.java:384)
at org.apache.maven.surefire.booter.ForkedBooter.runSuitesInProcess(ForkedBooter.java:345)
at org.apache.maven.surefire.booter.ForkedBooter.execute(ForkedBooter.java:126)
at org.apache.maven.surefire.booter.ForkedBooter.main(ForkedBooter.java:418)
]]>
            </full-stacktrace>
          </exception> <!-- java.lang.AssertionError -->
          <reporter-output>
          </reporter-output>
        </test-method> <!-- runTestscript7 -->
        <test-method is-config="true" signature="cleanup()[pri:0, instance:Delete@2118cddf]" started-at="2024-08-01T20:26:18Z" name="cleanup" finished-at="2024-08-01T20:26:19Z" duration-ms="967" status="PASS">
          <reporter-output>
          </reporter-output>
        </test-method> <!-- cleanup -->
      </class> <!-- Delete -->
      <class name="Search">
        <test-method is-config="true" signature="setup()[pri:0, instance:Search@17a7f733]" started-at="2024-08-01T20:26:19Z" name="setup" finished-at="2024-08-01T20:26:27Z" duration-ms="8132" status="PASS">
          <reporter-output>
          </reporter-output>
        </test-method> <!-- setup -->
        <test-method signature="runTestscript1()[pri:0, instance:Search@17a7f733]" started-at="2024-08-01T20:26:27Z" name="runTestscript1" description="Verify that move to Employee management screen when user click on function Employees at vertical toolbar on the left" finished-at="2024-08-01T20:26:35Z" duration-ms="7864" status="PASS">
          <reporter-output>
          </reporter-output>
        </test-method> <!-- runTestscript1 -->
        <test-method is-config="true" signature="cleanup()[pri:0, instance:Search@17a7f733]" started-at="2024-08-01T20:26:35Z" name="cleanup" finished-at="2024-08-01T20:26:35Z" duration-ms="762" status="PASS">
          <reporter-output>
          </reporter-output>
        </test-method> <!-- cleanup -->
        <test-method is-config="true" signature="setup()[pri:0, instance:Search@17a7f733]" started-at="2024-08-01T20:26:35Z" name="setup" finished-at="2024-08-01T20:26:43Z" duration-ms="7796" status="PASS">
          <reporter-output>
          </reporter-output>
        </test-method> <!-- setup -->
        <test-method signature="runTestscript10()[pri:0, instance:Search@17a7f733]" started-at="2024-08-01T20:26:43Z" name="runTestscript10" description="Verify that the Table content is displayed correctly" finished-at="2024-08-01T20:26:49Z" duration-ms="5356" status="PASS">
          <reporter-output>
          </reporter-output>
        </test-method> <!-- runTestscript10 -->
        <test-method is-config="true" signature="cleanup()[pri:0, instance:Search@17a7f733]" started-at="2024-08-01T20:26:49Z" name="cleanup" finished-at="2024-08-01T20:26:49Z" duration-ms="882" status="PASS">
          <reporter-output>
          </reporter-output>
        </test-method> <!-- cleanup -->
        <test-method is-config="true" signature="setup()[pri:0, instance:Search@17a7f733]" started-at="2024-08-01T20:26:49Z" name="setup" finished-at="2024-08-01T20:26:57Z" duration-ms="7541" status="PASS">
          <reporter-output>
          </reporter-output>
        </test-method> <!-- setup -->
        <test-method signature="runTestscript11()[pri:0, instance:Search@17a7f733]" started-at="2024-08-01T20:26:57Z" name="runTestscript11" description="Verify the number of records on 1 page" finished-at="2024-08-01T20:27:02Z" duration-ms="5299" status="FAIL">
          <exception class="java.lang.AssertionError">
            <message>
              <![CDATA[The actual number of records does not match the expected count. expected [15] but found [10]]]>
            </message>
            <full-stacktrace>
              <![CDATA[java.lang.AssertionError: The actual number of records does not match the expected count. expected [15] but found [10]
at org.testng.Assert.fail(Assert.java:96)
at org.testng.Assert.failNotEquals(Assert.java:776)
at org.testng.Assert.assertEqualsImpl(Assert.java:137)
at org.testng.Assert.assertEquals(Assert.java:118)
at org.testng.Assert.assertEquals(Assert.java:652)
at Search.runTestscript11(Search.java:357)
at java.base/jdk.internal.reflect.NativeMethodAccessorImpl.invoke0(Native Method)
at java.base/jdk.internal.reflect.NativeMethodAccessorImpl.invoke(NativeMethodAccessorImpl.java:62)
at java.base/jdk.internal.reflect.DelegatingMethodAccessorImpl.invoke(DelegatingMethodAccessorImpl.java:43)
at java.base/java.lang.reflect.Method.invoke(Method.java:566)
at org.testng.internal.MethodInvocationHelper.invokeMethod(MethodInvocationHelper.java:124)
at org.testng.internal.Invoker.invokeMethod(Invoker.java:583)
at org.testng.internal.Invoker.invokeTestMethod(Invoker.java:719)
at org.testng.internal.Invoker.invokeTestMethods(Invoker.java:989)
at org.testng.internal.TestMethodWorker.invokeTestMethods(TestMethodWorker.java:125)
at org.testng.internal.TestMethodWorker.run(TestMethodWorker.java:109)
at org.testng.TestRunner.privateRun(TestRunner.java:648)
at org.testng.TestRunner.run(TestRunner.java:505)
at org.testng.SuiteRunner.runTest(SuiteRunner.java:455)
at org.testng.SuiteRunner.runSequentially(SuiteRunner.java:450)
at org.testng.SuiteRunner.privateRun(SuiteRunner.java:415)
at org.testng.SuiteRunner.run(SuiteRunner.java:364)
at org.testng.SuiteRunnerWorker.runSuite(SuiteRunnerWorker.java:52)
at org.testng.SuiteRunnerWorker.run(SuiteRunnerWorker.java:84)
at org.testng.TestNG.runSuitesSequentially(TestNG.java:1208)
at org.testng.TestNG.runSuitesLocally(TestNG.java:1137)
at org.testng.TestNG.runSuites(TestNG.java:1049)
at org.testng.TestNG.run(TestNG.java:1017)
at org.apache.maven.surefire.testng.TestNGExecutor.run(TestNGExecutor.java:283)
at org.apache.maven.surefire.testng.TestNGXmlTestSuite.execute(TestNGXmlTestSuite.java:75)
at org.apache.maven.surefire.testng.TestNGProvider.invoke(TestNGProvider.java:120)
at org.apache.maven.surefire.booter.ForkedBooter.invokeProviderInSameClassLoader(ForkedBooter.java:384)
at org.apache.maven.surefire.booter.ForkedBooter.runSuitesInProcess(ForkedBooter.java:345)
at org.apache.maven.surefire.booter.ForkedBooter.execute(ForkedBooter.java:126)
at org.apache.maven.surefire.booter.ForkedBooter.main(ForkedBooter.java:418)
]]>
            </full-stacktrace>
          </exception> <!-- java.lang.AssertionError -->
          <reporter-output>
          </reporter-output>
        </test-method> <!-- runTestscript11 -->
        <test-method is-config="true" signature="cleanup()[pri:0, instance:Search@17a7f733]" started-at="2024-08-01T20:27:02Z" name="cleanup" finished-at="2024-08-01T20:27:03Z" duration-ms="801" status="PASS">
          <reporter-output>
          </reporter-output>
        </test-method> <!-- cleanup -->
        <test-method is-config="true" signature="setup()[pri:0, instance:Search@17a7f733]" started-at="2024-08-01T20:27:03Z" name="setup" finished-at="2024-08-01T20:27:10Z" duration-ms="7102" status="PASS">
          <reporter-output>
          </reporter-output>
        </test-method> <!-- setup -->
        <test-method signature="runTestscript12()[pri:0, instance:Search@17a7f733]" started-at="2024-08-01T20:27:10Z" name="runTestscript12" description="Verify the pagination button displays color when on that page" finished-at="2024-08-01T20:27:21Z" duration-ms="10827" status="PASS">
          <reporter-output>
          </reporter-output>
        </test-method> <!-- runTestscript12 -->
        <test-method is-config="true" signature="cleanup()[pri:0, instance:Search@17a7f733]" started-at="2024-08-01T20:27:21Z" name="cleanup" finished-at="2024-08-01T20:27:22Z" duration-ms="811" status="PASS">
          <reporter-output>
          </reporter-output>
        </test-method> <!-- cleanup -->
        <test-method is-config="true" signature="setup()[pri:0, instance:Search@17a7f733]" started-at="2024-08-01T20:27:22Z" name="setup" finished-at="2024-08-01T20:27:29Z" duration-ms="7555" status="PASS">
          <reporter-output>
          </reporter-output>
        </test-method> <!-- setup -->
        <test-method signature="runTestscript13()[pri:0, instance:Search@17a7f733]" started-at="2024-08-01T20:27:29Z" name="runTestscript13" description="Verify that Back button and Fisrt button is hidden when user is on the first page" finished-at="2024-08-01T20:27:57Z" duration-ms="27555" status="PASS">
          <reporter-output>
          </reporter-output>
        </test-method> <!-- runTestscript13 -->
        <test-method is-config="true" signature="cleanup()[pri:0, instance:Search@17a7f733]" started-at="2024-08-01T20:27:57Z" name="cleanup" finished-at="2024-08-01T20:27:58Z" duration-ms="795" status="PASS">
          <reporter-output>
          </reporter-output>
        </test-method> <!-- cleanup -->
        <test-method is-config="true" signature="setup()[pri:0, instance:Search@17a7f733]" started-at="2024-08-01T20:27:58Z" name="setup" finished-at="2024-08-01T20:28:05Z" duration-ms="7780" status="PASS">
          <reporter-output>
          </reporter-output>
        </test-method> <!-- setup -->
        <test-method signature="runTestscript14()[pri:0, instance:Search@17a7f733]" started-at="2024-08-01T20:28:05Z" name="runTestscript14" description="Verify that Next button and Last button is hidden when user is on the last page" finished-at="2024-08-01T20:28:33Z" duration-ms="27598" status="PASS">
          <reporter-output>
          </reporter-output>
        </test-method> <!-- runTestscript14 -->
        <test-method is-config="true" signature="cleanup()[pri:0, instance:Search@17a7f733]" started-at="2024-08-01T20:28:33Z" name="cleanup" finished-at="2024-08-01T20:28:34Z" duration-ms="837" status="PASS">
          <reporter-output>
          </reporter-output>
        </test-method> <!-- cleanup -->
        <test-method is-config="true" signature="setup()[pri:0, instance:Search@17a7f733]" started-at="2024-08-01T20:28:34Z" name="setup" finished-at="2024-08-01T20:28:42Z" duration-ms="8311" status="PASS">
          <reporter-output>
          </reporter-output>
        </test-method> <!-- setup -->
        <test-method signature="runTestscript15()[pri:0, instance:Search@17a7f733]" started-at="2024-08-01T20:28:42Z" name="runTestscript15" description="Verify that button maximum number displayed" finished-at="2024-08-01T20:28:48Z" duration-ms="5491" status="PASS">
          <reporter-output>
          </reporter-output>
        </test-method> <!-- runTestscript15 -->
        <test-method is-config="true" signature="cleanup()[pri:0, instance:Search@17a7f733]" started-at="2024-08-01T20:28:48Z" name="cleanup" finished-at="2024-08-01T20:28:49Z" duration-ms="805" status="PASS">
          <reporter-output>
          </reporter-output>
        </test-method> <!-- cleanup -->
        <test-method is-config="true" signature="setup()[pri:0, instance:Search@17a7f733]" started-at="2024-08-01T20:28:49Z" name="setup" finished-at="2024-08-01T20:28:59Z" duration-ms="10087" status="PASS">
          <reporter-output>
          </reporter-output>
        </test-method> <!-- setup -->
        <test-method signature="runTestscript16()[pri:0, instance:Search@17a7f733]" started-at="2024-08-01T20:28:59Z" name="runTestscript16" description="Verify that the placeholder of Search textbox is displayed correctly " finished-at="2024-08-01T20:28:59Z" duration-ms="856" status="PASS">
          <reporter-output>
          </reporter-output>
        </test-method> <!-- runTestscript16 -->
        <test-method is-config="true" signature="cleanup()[pri:0, instance:Search@17a7f733]" started-at="2024-08-01T20:28:59Z" name="cleanup" finished-at="2024-08-01T20:29:00Z" duration-ms="876" status="PASS">
          <reporter-output>
          </reporter-output>
        </test-method> <!-- cleanup -->
        <test-method is-config="true" signature="setup()[pri:0, instance:Search@17a7f733]" started-at="2024-08-01T20:29:00Z" name="setup" finished-at="2024-08-01T20:29:11Z" duration-ms="10179" status="PASS">
          <reporter-output>
          </reporter-output>
        </test-method> <!-- setup -->
        <test-method signature="runTestscript17()[pri:0, instance:Search@17a7f733]" started-at="2024-08-01T20:29:11Z" name="runTestscript17" description="Verify that displayed is message &#039;Table is empty&#039; when don&#039;t have records" finished-at="2024-08-01T20:29:22Z" duration-ms="11238" status="PASS">
          <reporter-output>
          </reporter-output>
        </test-method> <!-- runTestscript17 -->
        <test-method is-config="true" signature="cleanup()[pri:0, instance:Search@17a7f733]" started-at="2024-08-01T20:29:22Z" name="cleanup" finished-at="2024-08-01T20:29:23Z" duration-ms="794" status="PASS">
          <reporter-output>
          </reporter-output>
        </test-method> <!-- cleanup -->
        <test-method is-config="true" signature="setup()[pri:0, instance:Search@17a7f733]" started-at="2024-08-01T20:29:23Z" name="setup" finished-at="2024-08-01T20:29:31Z" duration-ms="8821" status="PASS">
          <reporter-output>
          </reporter-output>
        </test-method> <!-- setup -->
        <test-method signature="runTestscript18()[pri:0, instance:Search@17a7f733]" started-at="2024-08-01T20:29:31Z" name="runTestscript18" description="Verify that the error message â€œExceeds 255 charactersâ€� is displayed when user input 256 character into Search textbox" finished-at="2024-08-01T20:29:54Z" duration-ms="22224" status="FAIL">
          <exception class="java.lang.AssertionError">
            <message>
              <![CDATA[Error message is not displayed expected [true] but found [false]]]>
            </message>
            <full-stacktrace>
              <![CDATA[java.lang.AssertionError: Error message is not displayed expected [true] but found [false]
at org.testng.Assert.fail(Assert.java:96)
at org.testng.Assert.failNotEquals(Assert.java:776)
at org.testng.Assert.assertTrue(Assert.java:44)
at Search.runTestscript18(Search.java:567)
at java.base/jdk.internal.reflect.NativeMethodAccessorImpl.invoke0(Native Method)
at java.base/jdk.internal.reflect.NativeMethodAccessorImpl.invoke(NativeMethodAccessorImpl.java:62)
at java.base/jdk.internal.reflect.DelegatingMethodAccessorImpl.invoke(DelegatingMethodAccessorImpl.java:43)
at java.base/java.lang.reflect.Method.invoke(Method.java:566)
at org.testng.internal.MethodInvocationHelper.invokeMethod(MethodInvocationHelper.java:124)
at org.testng.internal.Invoker.invokeMethod(Invoker.java:583)
at org.testng.internal.Invoker.invokeTestMethod(Invoker.java:719)
at org.testng.internal.Invoker.invokeTestMethods(Invoker.java:989)
at org.testng.internal.TestMethodWorker.invokeTestMethods(TestMethodWorker.java:125)
at org.testng.internal.TestMethodWorker.run(TestMethodWorker.java:109)
at org.testng.TestRunner.privateRun(TestRunner.java:648)
at org.testng.TestRunner.run(TestRunner.java:505)
at org.testng.SuiteRunner.runTest(SuiteRunner.java:455)
at org.testng.SuiteRunner.runSequentially(SuiteRunner.java:450)
at org.testng.SuiteRunner.privateRun(SuiteRunner.java:415)
at org.testng.SuiteRunner.run(SuiteRunner.java:364)
at org.testng.SuiteRunnerWorker.runSuite(SuiteRunnerWorker.java:52)
at org.testng.SuiteRunnerWorker.run(SuiteRunnerWorker.java:84)
at org.testng.TestNG.runSuitesSequentially(TestNG.java:1208)
at org.testng.TestNG.runSuitesLocally(TestNG.java:1137)
at org.testng.TestNG.runSuites(TestNG.java:1049)
at org.testng.TestNG.run(TestNG.java:1017)
at org.apache.maven.surefire.testng.TestNGExecutor.run(TestNGExecutor.java:283)
at org.apache.maven.surefire.testng.TestNGXmlTestSuite.execute(TestNGXmlTestSuite.java:75)
at org.apache.maven.surefire.testng.TestNGProvider.invoke(TestNGProvider.java:120)
at org.apache.maven.surefire.booter.ForkedBooter.invokeProviderInSameClassLoader(ForkedBooter.java:384)
at org.apache.maven.surefire.booter.ForkedBooter.runSuitesInProcess(ForkedBooter.java:345)
at org.apache.maven.surefire.booter.ForkedBooter.execute(ForkedBooter.java:126)
at org.apache.maven.surefire.booter.ForkedBooter.main(ForkedBooter.java:418)
]]>
            </full-stacktrace>
          </exception> <!-- java.lang.AssertionError -->
          <reporter-output>
          </reporter-output>
        </test-method> <!-- runTestscript18 -->
        <test-method is-config="true" signature="cleanup()[pri:0, instance:Search@17a7f733]" started-at="2024-08-01T20:29:54Z" name="cleanup" finished-at="2024-08-01T20:29:54Z" duration-ms="811" status="PASS">
          <reporter-output>
          </reporter-output>
        </test-method> <!-- cleanup -->
        <test-method is-config="true" signature="setup()[pri:0, instance:Search@17a7f733]" started-at="2024-08-01T20:29:54Z" name="setup" finished-at="2024-08-01T20:30:05Z" duration-ms="10715" status="PASS">
          <reporter-output>
          </reporter-output>
        </test-method> <!-- setup -->
        <test-method signature="runTestscript19()[pri:0, instance:Search@17a7f733]" started-at="2024-08-01T20:30:05Z" name="runTestscript19" description="Verify that the successfully when user input 255 character into Search textbox" finished-at="2024-08-01T20:30:31Z" duration-ms="26357" status="PASS">
          <reporter-output>
          </reporter-output>
        </test-method> <!-- runTestscript19 -->
        <test-method is-config="true" signature="cleanup()[pri:0, instance:Search@17a7f733]" started-at="2024-08-01T20:30:31Z" name="cleanup" finished-at="2024-08-01T20:30:32Z" duration-ms="804" status="PASS">
          <reporter-output>
          </reporter-output>
        </test-method> <!-- cleanup -->
        <test-method is-config="true" signature="setup()[pri:0, instance:Search@17a7f733]" started-at="2024-08-01T20:30:32Z" name="setup" finished-at="2024-08-01T20:30:41Z" duration-ms="8948" status="PASS">
          <reporter-output>
          </reporter-output>
        </test-method> <!-- setup -->
        <test-method signature="runTestscript2()[pri:0, instance:Search@17a7f733]" started-at="2024-08-01T20:30:41Z" name="runTestscript2" description="Verify that the title Employees is displayed correctly" finished-at="2024-08-01T20:30:45Z" duration-ms="3555" status="PASS">
          <reporter-output>
          </reporter-output>
        </test-method> <!-- runTestscript2 -->
        <test-method is-config="true" signature="cleanup()[pri:0, instance:Search@17a7f733]" started-at="2024-08-01T20:30:45Z" name="cleanup" finished-at="2024-08-01T20:30:46Z" duration-ms="852" status="PASS">
          <reporter-output>
          </reporter-output>
        </test-method> <!-- cleanup -->
        <test-method is-config="true" signature="setup()[pri:0, instance:Search@17a7f733]" started-at="2024-08-01T20:30:46Z" name="setup" finished-at="2024-08-01T20:30:55Z" duration-ms="9142" status="PASS">
          <reporter-output>
          </reporter-output>
        </test-method> <!-- setup -->
        <test-method signature="runTestscript20()[pri:0, instance:Search@17a7f733]" started-at="2024-08-01T20:30:55Z" name="runTestscript20" description="Verify that the successfully when user input 254 character into Search textbox" finished-at="2024-08-01T20:31:18Z" duration-ms="23127" status="PASS">
          <reporter-output>
          </reporter-output>
        </test-method> <!-- runTestscript20 -->
        <test-method is-config="true" signature="cleanup()[pri:0, instance:Search@17a7f733]" started-at="2024-08-01T20:31:18Z" name="cleanup" finished-at="2024-08-01T20:31:19Z" duration-ms="806" status="PASS">
          <reporter-output>
          </reporter-output>
        </test-method> <!-- cleanup -->
        <test-method is-config="true" signature="setup()[pri:0, instance:Search@17a7f733]" started-at="2024-08-01T20:31:19Z" name="setup" finished-at="2024-08-01T20:31:27Z" duration-ms="7951" status="PASS">
          <reporter-output>
          </reporter-output>
        </test-method> <!-- setup -->
        <test-method signature="runTestscript21()[pri:0, instance:Search@17a7f733]" started-at="2024-08-01T20:31:27Z" name="runTestscript21" description="Verify that move to Add employee screen when user click on Add employee button" finished-at="2024-08-01T20:31:35Z" duration-ms="8619" status="PASS">
          <reporter-output>
          </reporter-output>
        </test-method> <!-- runTestscript21 -->
        <test-method is-config="true" signature="cleanup()[pri:0, instance:Search@17a7f733]" started-at="2024-08-01T20:31:35Z" name="cleanup" finished-at="2024-08-01T20:31:36Z" duration-ms="780" status="PASS">
          <reporter-output>
          </reporter-output>
        </test-method> <!-- cleanup -->
        <test-method is-config="true" signature="setup()[pri:0, instance:Search@17a7f733]" started-at="2024-08-01T20:31:36Z" name="setup" finished-at="2024-08-01T20:31:45Z" duration-ms="8792" status="PASS">
          <reporter-output>
          </reporter-output>
        </test-method> <!-- setup -->
        <test-method signature="runTestscript22()[pri:0, instance:Search@17a7f733]" started-at="2024-08-01T20:31:45Z" name="runTestscript22" description="Verify that the Add employee button is displayed correctly" finished-at="2024-08-01T20:31:51Z" duration-ms="6291" status="FAIL">
          <exception class="java.lang.AssertionError">
            <message>
              <![CDATA[Button text is not as expected expected [+ Add employee] but found [Add Employee]]]>
            </message>
            <full-stacktrace>
              <![CDATA[java.lang.AssertionError: Button text is not as expected expected [+ Add employee] but found [Add Employee]
at org.testng.Assert.fail(Assert.java:96)
at org.testng.Assert.failNotEquals(Assert.java:776)
at org.testng.Assert.assertEqualsImpl(Assert.java:137)
at org.testng.Assert.assertEquals(Assert.java:118)
at org.testng.Assert.assertEquals(Assert.java:453)
at Search.runTestscript22(Search.java:679)
at java.base/jdk.internal.reflect.NativeMethodAccessorImpl.invoke0(Native Method)
at java.base/jdk.internal.reflect.NativeMethodAccessorImpl.invoke(NativeMethodAccessorImpl.java:62)
at java.base/jdk.internal.reflect.DelegatingMethodAccessorImpl.invoke(DelegatingMethodAccessorImpl.java:43)
at java.base/java.lang.reflect.Method.invoke(Method.java:566)
at org.testng.internal.MethodInvocationHelper.invokeMethod(MethodInvocationHelper.java:124)
at org.testng.internal.Invoker.invokeMethod(Invoker.java:583)
at org.testng.internal.Invoker.invokeTestMethod(Invoker.java:719)
at org.testng.internal.Invoker.invokeTestMethods(Invoker.java:989)
at org.testng.internal.TestMethodWorker.invokeTestMethods(TestMethodWorker.java:125)
at org.testng.internal.TestMethodWorker.run(TestMethodWorker.java:109)
at org.testng.TestRunner.privateRun(TestRunner.java:648)
at org.testng.TestRunner.run(TestRunner.java:505)
at org.testng.SuiteRunner.runTest(SuiteRunner.java:455)
at org.testng.SuiteRunner.runSequentially(SuiteRunner.java:450)
at org.testng.SuiteRunner.privateRun(SuiteRunner.java:415)
at org.testng.SuiteRunner.run(SuiteRunner.java:364)
at org.testng.SuiteRunnerWorker.runSuite(SuiteRunnerWorker.java:52)
at org.testng.SuiteRunnerWorker.run(SuiteRunnerWorker.java:84)
at org.testng.TestNG.runSuitesSequentially(TestNG.java:1208)
at org.testng.TestNG.runSuitesLocally(TestNG.java:1137)
at org.testng.TestNG.runSuites(TestNG.java:1049)
at org.testng.TestNG.run(TestNG.java:1017)
at org.apache.maven.surefire.testng.TestNGExecutor.run(TestNGExecutor.java:283)
at org.apache.maven.surefire.testng.TestNGXmlTestSuite.execute(TestNGXmlTestSuite.java:75)
at org.apache.maven.surefire.testng.TestNGProvider.invoke(TestNGProvider.java:120)
at org.apache.maven.surefire.booter.ForkedBooter.invokeProviderInSameClassLoader(ForkedBooter.java:384)
at org.apache.maven.surefire.booter.ForkedBooter.runSuitesInProcess(ForkedBooter.java:345)
at org.apache.maven.surefire.booter.ForkedBooter.execute(ForkedBooter.java:126)
at org.apache.maven.surefire.booter.ForkedBooter.main(ForkedBooter.java:418)
]]>
            </full-stacktrace>
          </exception> <!-- java.lang.AssertionError -->
          <reporter-output>
          </reporter-output>
        </test-method> <!-- runTestscript22 -->
        <test-method is-config="true" signature="cleanup()[pri:0, instance:Search@17a7f733]" started-at="2024-08-01T20:31:51Z" name="cleanup" finished-at="2024-08-01T20:31:52Z" duration-ms="848" status="PASS">
          <reporter-output>
          </reporter-output>
        </test-method> <!-- cleanup -->
        <test-method is-config="true" signature="setup()[pri:0, instance:Search@17a7f733]" started-at="2024-08-01T20:31:52Z" name="setup" finished-at="2024-08-01T20:31:59Z" duration-ms="7447" status="PASS">
          <reporter-output>
          </reporter-output>
        </test-method> <!-- setup -->
        <test-method signature="runTestscript23()[pri:0, instance:Search@17a7f733]" started-at="2024-08-01T20:31:59Z" name="runTestscript23" description="Verify that move to Update employee screen when user click on button eye at Actions field of one record " finished-at="2024-08-01T20:32:06Z" duration-ms="6317" status="PASS">
          <reporter-output>
          </reporter-output>
        </test-method> <!-- runTestscript23 -->
        <test-method is-config="true" signature="cleanup()[pri:0, instance:Search@17a7f733]" started-at="2024-08-01T20:32:06Z" name="cleanup" finished-at="2024-08-01T20:32:07Z" duration-ms="1482" status="PASS">
          <reporter-output>
          </reporter-output>
        </test-method> <!-- cleanup -->
        <test-method is-config="true" signature="setup()[pri:0, instance:Search@17a7f733]" started-at="2024-08-01T20:32:07Z" name="setup" finished-at="2024-08-01T20:32:15Z" duration-ms="8196" status="PASS">
          <reporter-output>
          </reporter-output>
        </test-method> <!-- setup -->
        <test-method signature="runTestscript3()[pri:0, instance:Search@17a7f733]" started-at="2024-08-01T20:32:15Z" name="runTestscript3" description="Verify that the title Employee Details is displayed correctly" finished-at="2024-08-01T20:32:19Z" duration-ms="3894" status="PASS">
          <reporter-output>
          </reporter-output>
        </test-method> <!-- runTestscript3 -->
        <test-method is-config="true" signature="cleanup()[pri:0, instance:Search@17a7f733]" started-at="2024-08-01T20:32:19Z" name="cleanup" finished-at="2024-08-01T20:32:20Z" duration-ms="892" status="PASS">
          <reporter-output>
          </reporter-output>
        </test-method> <!-- cleanup -->
        <test-method is-config="true" signature="setup()[pri:0, instance:Search@17a7f733]" started-at="2024-08-01T20:32:20Z" name="setup" finished-at="2024-08-01T20:32:28Z" duration-ms="7411" status="PASS">
          <reporter-output>
          </reporter-output>
        </test-method> <!-- setup -->
        <test-method signature="runTestscript4()[pri:0, instance:Search@17a7f733]" started-at="2024-08-01T20:32:28Z" name="runTestscript4" description="Verify that the dropdown list Role title is displayed correctly" finished-at="2024-08-01T20:32:31Z" duration-ms="3542" status="PASS">
          <reporter-output>
          </reporter-output>
        </test-method> <!-- runTestscript4 -->
        <test-method is-config="true" signature="cleanup()[pri:0, instance:Search@17a7f733]" started-at="2024-08-01T20:32:31Z" name="cleanup" finished-at="2024-08-01T20:32:32Z" duration-ms="908" status="PASS">
          <reporter-output>
          </reporter-output>
        </test-method> <!-- cleanup -->
        <test-method is-config="true" signature="setup()[pri:0, instance:Search@17a7f733]" started-at="2024-08-01T20:32:32Z" name="setup" finished-at="2024-08-01T20:32:40Z" duration-ms="7584" status="PASS">
          <reporter-output>
          </reporter-output>
        </test-method> <!-- setup -->
        <test-method signature="runTestscript5()[pri:0, instance:Search@17a7f733]" started-at="2024-08-01T20:32:40Z" name="runTestscript5" description="Verify that the dropdown list Employment Status is displayed correctly" finished-at="2024-08-01T20:32:43Z" duration-ms="3296" status="PASS">
          <reporter-output>
          </reporter-output>
        </test-method> <!-- runTestscript5 -->
        <test-method is-config="true" signature="cleanup()[pri:0, instance:Search@17a7f733]" started-at="2024-08-01T20:32:43Z" name="cleanup" finished-at="2024-08-01T20:32:44Z" duration-ms="829" status="PASS">
          <reporter-output>
          </reporter-output>
        </test-method> <!-- cleanup -->
        <test-method is-config="true" signature="setup()[pri:0, instance:Search@17a7f733]" started-at="2024-08-01T20:32:44Z" name="setup" finished-at="2024-08-01T20:32:52Z" duration-ms="7779" status="PASS">
          <reporter-output>
          </reporter-output>
        </test-method> <!-- setup -->
        <test-method signature="runTestscript6()[pri:0, instance:Search@17a7f733]" started-at="2024-08-01T20:32:52Z" name="runTestscript6" description="Verify that values list is displayed when user click on Role title dropdown list" finished-at="2024-08-01T20:33:04Z" duration-ms="12195" status="PASS">
          <reporter-output>
          </reporter-output>
        </test-method> <!-- runTestscript6 -->
        <test-method is-config="true" signature="cleanup()[pri:0, instance:Search@17a7f733]" started-at="2024-08-01T20:33:04Z" name="cleanup" finished-at="2024-08-01T20:33:05Z" duration-ms="923" status="PASS">
          <reporter-output>
          </reporter-output>
        </test-method> <!-- cleanup -->
        <test-method is-config="true" signature="setup()[pri:0, instance:Search@17a7f733]" started-at="2024-08-01T20:33:05Z" name="setup" finished-at="2024-08-01T20:33:12Z" duration-ms="7622" status="PASS">
          <reporter-output>
          </reporter-output>
        </test-method> <!-- setup -->
        <test-method signature="runTestscript7()[pri:0, instance:Search@17a7f733]" started-at="2024-08-01T20:33:12Z" name="runTestscript7" description="Verify that values list is displayed when user click on Employee status dropdown list" finished-at="2024-08-01T20:33:21Z" duration-ms="8510" status="PASS">
          <reporter-output>
          </reporter-output>
        </test-method> <!-- runTestscript7 -->
        <test-method is-config="true" signature="cleanup()[pri:0, instance:Search@17a7f733]" started-at="2024-08-01T20:33:21Z" name="cleanup" finished-at="2024-08-01T20:33:22Z" duration-ms="809" status="PASS">
          <reporter-output>
          </reporter-output>
        </test-method> <!-- cleanup -->
        <test-method is-config="true" signature="setup()[pri:0, instance:Search@17a7f733]" started-at="2024-08-01T20:33:22Z" name="setup" finished-at="2024-08-01T20:33:30Z" duration-ms="8276" status="PASS">
          <reporter-output>
          </reporter-output>
        </test-method> <!-- setup -->
        <test-method signature="runTestscript8()[pri:0, instance:Search@17a7f733]" started-at="2024-08-01T20:33:30Z" name="runTestscript8" description="Verify that action auto filter record when user selected value at Role title dropdown list" finished-at="2024-08-01T20:33:58Z" duration-ms="27946" status="PASS">
          <reporter-output>
          </reporter-output>
        </test-method> <!-- runTestscript8 -->
        <test-method is-config="true" signature="cleanup()[pri:0, instance:Search@17a7f733]" started-at="2024-08-01T20:33:58Z" name="cleanup" finished-at="2024-08-01T20:33:59Z" duration-ms="832" status="PASS">
          <reporter-output>
          </reporter-output>
        </test-method> <!-- cleanup -->
        <test-method is-config="true" signature="setup()[pri:0, instance:Search@17a7f733]" started-at="2024-08-01T20:33:59Z" name="setup" finished-at="2024-08-01T20:34:07Z" duration-ms="8343" status="PASS">
          <reporter-output>
          </reporter-output>
        </test-method> <!-- setup -->
        <test-method signature="runTestscript9()[pri:0, instance:Search@17a7f733]" started-at="2024-08-01T20:34:07Z" name="runTestscript9" description="Verify that action auto filter record when user selected value at Employee status dropdown list" finished-at="2024-08-01T20:34:55Z" duration-ms="47761" status="PASS">
          <reporter-output>
          </reporter-output>
        </test-method> <!-- runTestscript9 -->
        <test-method is-config="true" signature="cleanup()[pri:0, instance:Search@17a7f733]" started-at="2024-08-01T20:34:55Z" name="cleanup" finished-at="2024-08-01T20:34:56Z" duration-ms="916" status="PASS">
          <reporter-output>
          </reporter-output>
        </test-method> <!-- cleanup -->
      </class> <!-- Search -->
    </test> <!-- Test -->
  </suite> <!-- Suite -->
</testng-results>
