<?xml version="1.0" encoding="UTF-8"?>
<!-- Generated by org.testng.reporters.JUnitXMLReporter -->
<testsuite ignored="0" hostname="LAPTOP-4RQBBC48" failures="5" tests="30" name="Test" time="678.127" errors="0" timestamp="01 thg 8 2024 20:34:56 GMT">
  <testcase classname="Delete" name="runTestscript1" time="5.771"/>
  <testcase classname="Delete" name="runTestscript2" time="2.132">
    <failure type="java.lang.AssertionError" message="Logo is not displayed expected [true] but found [false]">
      <![CDATA[java.lang.AssertionError: Logo is not displayed expected [true] but found [false]
at Delete.runTestscript2(Delete.java:109)
... Removed 32 stack frames]]>
    </failure>
  </testcase> <!-- runTestscript2 -->
  <testcase classname="Delete" name="runTestscript3" time="2.302"/>
  <testcase classname="Delete" name="runTestscript4" time="2.008"/>
  <testcase classname="Delete" name="runTestscript5" time="2.055"/>
  <testcase classname="Delete" name="runTestscript6" time="18.17"/>
  <testcase classname="Delete" name="runTestscript7" time="7.08">
    <failure type="java.lang.AssertionError" message="Confirm pop-up is still displayed expected [false] but found [true]">
      <![CDATA[java.lang.AssertionError: Confirm pop-up is still displayed expected [false] but found [true]
at Delete.runTestscript7(Delete.java:293)
... Removed 32 stack frames]]>
    </failure>
  </testcase> <!-- runTestscript7 -->
  <testcase classname="Search" name="runTestscript1" time="7.864"/>
  <testcase classname="Search" name="runTestscript10" time="5.356"/>
  <testcase classname="Search" name="runTestscript11" time="5.299">
    <failure type="java.lang.AssertionError" message="The actual number of records does not match the expected count. expected [15] but found [10]">
      <![CDATA[java.lang.AssertionError: The actual number of records does not match the expected count. expected [15] but found [10]
at Search.runTestscript11(Search.java:357)
... Removed 34 stack frames]]>
    </failure>
  </testcase> <!-- runTestscript11 -->
  <testcase classname="Search" name="runTestscript12" time="10.827"/>
  <testcase classname="Search" name="runTestscript13" time="27.555"/>
  <testcase classname="Search" name="runTestscript14" time="27.598"/>
  <testcase classname="Search" name="runTestscript15" time="5.491"/>
  <testcase classname="Search" name="runTestscript16" time="0.856"/>
  <testcase classname="Search" name="runTestscript17" time="11.238"/>
  <testcase classname="Search" name="runTestscript18" time="22.224">
    <failure type="java.lang.AssertionError" message="Error message is not displayed expected [true] but found [false]">
      <![CDATA[java.lang.AssertionError: Error message is not displayed expected [true] but found [false]
at Search.runTestscript18(Search.java:567)
... Removed 32 stack frames]]>
    </failure>
  </testcase> <!-- runTestscript18 -->
  <testcase classname="Search" name="runTestscript19" time="26.357"/>
  <testcase classname="Search" name="runTestscript2" time="3.555"/>
  <testcase classname="Search" name="runTestscript20" time="23.127"/>
  <testcase classname="Search" name="runTestscript21" time="8.619"/>
  <testcase classname="Search" name="runTestscript22" time="6.291">
    <failure type="java.lang.AssertionError" message="Button text is not as expected expected [+ Add employee] but found [Add Employee]">
      <![CDATA[java.lang.AssertionError: Button text is not as expected expected [+ Add employee] but found [Add Employee]
at Search.runTestscript22(Search.java:679)
... Removed 34 stack frames]]>
    </failure>
  </testcase> <!-- runTestscript22 -->
  <testcase classname="Search" name="runTestscript23" time="6.317"/>
  <testcase classname="Search" name="runTestscript3" time="3.894"/>
  <testcase classname="Search" name="runTestscript4" time="3.542"/>
  <testcase classname="Search" name="runTestscript5" time="3.296"/>
  <testcase classname="Search" name="runTestscript6" time="12.195"/>
  <testcase classname="Search" name="runTestscript7" time="8.51"/>
  <testcase classname="Search" name="runTestscript8" time="27.946"/>
  <testcase classname="Search" name="runTestscript9" time="47.761"/>
</testsuite> <!-- Test -->
